<?xml version="1.0" encoding="UTF-8"?>
<coverage generated="1668452073133" clover="3.2.0">
  <project timestamp="1668452073133" name="All files">
    <metrics statements="17" coveredstatements="8" conditionals="0" coveredconditionals="0" methods="18" coveredmethods="2" elements="35" coveredelements="10" complexity="0" loc="17" ncloc="17" packages="3" files="3" classes="3"/>
    <package name="Capstone Backend">
      <metrics statements="3" coveredstatements="3" conditionals="0" coveredconditionals="0" methods="0" coveredmethods="0"/>
      <file name="schema.js" path="/Users/howle/Documents/repo/Capstone Backend/schema.js">
        <metrics statements="3" coveredstatements="3" conditionals="0" coveredconditionals="0" methods="0" coveredmethods="0"/>
        <line num="2" count="1" type="stmt"/>
        <line num="38" count="1" type="stmt"/>
        <line num="88" count="1" type="stmt"/>
      </file>
    </package>
    <package name="Capstone Backend.__tests__.utils">
      <metrics statements="2" coveredstatements="2" conditionals="0" coveredconditionals="0" methods="1" coveredmethods="1"/>
      <file name="test-server.js" path="/Users/howle/Documents/repo/Capstone Backend/__tests__/utils/test-server.js">
        <metrics statements="2" coveredstatements="2" conditionals="0" coveredconditionals="0" methods="1" coveredmethods="1"/>
        <line num="4" count="1" type="stmt"/>
        <line num="5" count="1" type="stmt"/>
      </file>
    </package>
    <package name="Capstone Backend.src">
      <metrics statements="12" coveredstatements="3" conditionals="0" coveredconditionals="0" methods="17" coveredmethods="1"/>
      <file name="index.js" path="/Users/howle/Documents/repo/Capstone Backend/src/index.js">
        <metrics statements="12" coveredstatements="3" conditionals="0" coveredconditionals="0" methods="17" coveredmethods="1"/>
        <line num="3" count="1" type="stmt"/>
        <line num="36" count="1" type="stmt"/>
        <line num="39" count="0" type="stmt"/>
        <line num="42" count="0" type="stmt"/>
        <line num="47" count="0" type="stmt"/>
        <line num="52" count="0" type="stmt"/>
        <line num="56" count="1" type="stmt"/>
        <line num="57" count="0" type="stmt"/>
        <line num="58" count="0" type="stmt"/>
        <line num="60" count="0" type="stmt"/>
        <line num="63" count="0" type="stmt"/>
        <line num="66" count="0" type="stmt"/>
      </file>
    </package>
  </project>
</coverage>
