{"/Users/howle/Documents/repo/Capstone Backend/__tests__/utils/test-server.js": {"path":"/Users/howle/Documents/repo/Capstone Backend/__tests__/utils/test-server.js","statementMap":{"0":{"start":{"line":4,"column":22},"end":{"line":9,"column":1}},"1":{"start":{"line":5,"column":2},"end":{"line":8,"column":5}}},"fnMap":{"0":{"name":"(anonymous_0)","decl":{"start":{"line":4,"column":22},"end":{"line":4,"column":23}},"loc":{"start":{"line":4,"column":28},"end":{"line":9,"column":1}},"line":4}},"branchMap":{},"s":{"0":1,"1":1},"f":{"0":1},"b":{},"_coverageSchema":"1a1c01bbd47fc00a2c39e90264f33305004495a9","hash":"2ce7c89886621ce0f5e43fd3775af07651f1e696"}
,"/Users/howle/Documents/repo/Capstone Backend/data/schema.js": {"path":"/Users/howle/Documents/repo/Capstone Backend/data/schema.js","statementMap":{"0":{"start":{"line":2,"column":21},"end":{"line":37,"column":1}},"1":{"start":{"line":38,"column":23},"end":{"line":87,"column":1}},"2":{"start":{"line":88,"column":26},"end":{"line":104,"column":1}}},"fnMap":{},"branchMap":{},"s":{"0":1,"1":1,"2":1},"f":{},"b":{},"_coverageSchema":"1a1c01bbd47fc00a2c39e90264f33305004495a9","hash":"859d312115d32f77c6ad35d11d8f7bbf19f74cb5"}
,"/Users/howle/Documents/repo/Capstone Backend/src/index.js": {"path":"/Users/howle/Documents/repo/Capstone Backend/src/index.js","statementMap":{"0":{"start":{"line":3,"column":24},"end":{"line":34,"column":1}},"1":{"start":{"line":36,"column":25},"end":{"line":69,"column":1}},"2":{"start":{"line":39,"column":6},"end":{"line":39,"column":62}},"3":{"start":{"line":39,"column":38},"end":{"line":39,"column":60}},"4":{"start":{"line":42,"column":6},"end":{"line":42,"column":80}},"5":{"start":{"line":42,"column":45},"end":{"line":42,"column":78}},"6":{"start":{"line":47,"column":6},"end":{"line":47,"column":56}},"7":{"start":{"line":47,"column":36},"end":{"line":47,"column":54}},"8":{"start":{"line":52,"column":6},"end":{"line":52,"column":56}},"9":{"start":{"line":52,"column":36},"end":{"line":52,"column":54}},"10":{"start":{"line":56,"column":20},"end":{"line":56,"column":25}},"11":{"start":{"line":57,"column":22},"end":{"line":57,"column":29}},"12":{"start":{"line":58,"column":25},"end":{"line":58,"column":35}},"13":{"start":{"line":60,"column":6},"end":{"line":60,"column":63}},"14":{"start":{"line":60,"column":36},"end":{"line":60,"column":61}},"15":{"start":{"line":63,"column":6},"end":{"line":63,"column":62}},"16":{"start":{"line":63,"column":38},"end":{"line":63,"column":60}},"17":{"start":{"line":66,"column":6},"end":{"line":66,"column":71}},"18":{"start":{"line":66,"column":43},"end":{"line":66,"column":69}}},"fnMap":{"0":{"name":"(anonymous_0)","decl":{"start":{"line":38,"column":12},"end":{"line":38,"column":13}},"loc":{"start":{"line":38,"column":38},"end":{"line":40,"column":5}},"line":38},"1":{"name":"(anonymous_1)","decl":{"start":{"line":39,"column":26},"end":{"line":39,"column":27}},"loc":{"start":{"line":39,"column":38},"end":{"line":39,"column":60}},"line":39},"2":{"name":"(anonymous_2)","decl":{"start":{"line":41,"column":16},"end":{"line":41,"column":17}},"loc":{"start":{"line":41,"column":49},"end":{"line":43,"column":5}},"line":41},"3":{"name":"(anonymous_3)","decl":{"start":{"line":42,"column":31},"end":{"line":42,"column":32}},"loc":{"start":{"line":42,"column":45},"end":{"line":42,"column":78}},"line":42},"4":{"name":"(anonymous_4)","decl":{"start":{"line":46,"column":11},"end":{"line":46,"column":12}},"loc":{"start":{"line":46,"column":31},"end":{"line":48,"column":5}},"line":46},"5":{"name":"(anonymous_5)","decl":{"start":{"line":47,"column":26},"end":{"line":47,"column":27}},"loc":{"start":{"line":47,"column":36},"end":{"line":47,"column":54}},"line":47},"6":{"name":"(anonymous_6)","decl":{"start":{"line":51,"column":11},"end":{"line":51,"column":12}},"loc":{"start":{"line":51,"column":31},"end":{"line":53,"column":5}},"line":51},"7":{"name":"(anonymous_7)","decl":{"start":{"line":52,"column":26},"end":{"line":52,"column":27}},"loc":{"start":{"line":52,"column":36},"end":{"line":52,"column":54}},"line":52},"8":{"name":"(anonymous_8)","decl":{"start":{"line":56,"column":14},"end":{"line":56,"column":15}},"loc":{"start":{"line":56,"column":20},"end":{"line":56,"column":25}},"line":56},"9":{"name":"(anonymous_9)","decl":{"start":{"line":57,"column":16},"end":{"line":57,"column":17}},"loc":{"start":{"line":57,"column":22},"end":{"line":57,"column":29}},"line":57},"10":{"name":"(anonymous_10)","decl":{"start":{"line":58,"column":19},"end":{"line":58,"column":20}},"loc":{"start":{"line":58,"column":25},"end":{"line":58,"column":35}},"line":58},"11":{"name":"(anonymous_11)","decl":{"start":{"line":59,"column":19},"end":{"line":59,"column":20}},"loc":{"start":{"line":59,"column":44},"end":{"line":61,"column":5}},"line":59},"12":{"name":"(anonymous_12)","decl":{"start":{"line":60,"column":26},"end":{"line":60,"column":27}},"loc":{"start":{"line":60,"column":36},"end":{"line":60,"column":61}},"line":60},"13":{"name":"(anonymous_13)","decl":{"start":{"line":62,"column":19},"end":{"line":62,"column":20}},"loc":{"start":{"line":62,"column":45},"end":{"line":64,"column":5}},"line":62},"14":{"name":"(anonymous_14)","decl":{"start":{"line":63,"column":26},"end":{"line":63,"column":27}},"loc":{"start":{"line":63,"column":38},"end":{"line":63,"column":60}},"line":63},"15":{"name":"(anonymous_15)","decl":{"start":{"line":65,"column":21},"end":{"line":65,"column":22}},"loc":{"start":{"line":65,"column":49},"end":{"line":67,"column":5}},"line":65},"16":{"name":"(anonymous_16)","decl":{"start":{"line":66,"column":29},"end":{"line":66,"column":30}},"loc":{"start":{"line":66,"column":43},"end":{"line":66,"column":69}},"line":66}},"branchMap":{},"s":{"0":1,"1":1,"2":4,"3":5,"4":4,"5":12,"6":8,"7":32,"8":3,"9":12,"10":1,"11":1,"12":1,"13":1,"14":1,"15":0,"16":0,"17":0,"18":0},"f":{"0":4,"1":5,"2":4,"3":12,"4":8,"5":32,"6":3,"7":12,"8":1,"9":1,"10":1,"11":1,"12":1,"13":0,"14":0,"15":0,"16":0},"b":{},"_coverageSchema":"1a1c01bbd47fc00a2c39e90264f33305004495a9","hash":"3036c371e0bc2e928ab7e98474e23c4653812747"}
}
