TN:
SF:schema.js
FNF:0
FNH:0
DA:2,1
DA:38,1
DA:88,1
LF:3
LH:3
BRF:0
BRH:0
end_of_record
TN:
SF:__tests__/utils/test-server.js
FN:4,(anonymous_0)
FNF:1
FNH:1
FNDA:1,(anonymous_0)
DA:4,1
DA:5,1
LF:2
LH:2
BRF:0
BRH:0
end_of_record
TN:
SF:src/index.js
FN:38,(anonymous_0)
FN:39,(anonymous_1)
FN:41,(anonymous_2)
FN:42,(anonymous_3)
FN:46,(anonymous_4)
FN:47,(anonymous_5)
FN:51,(anonymous_6)
FN:52,(anonymous_7)
FN:56,(anonymous_8)
FN:57,(anonymous_9)
FN:58,(anonymous_10)
FN:59,(anonymous_11)
FN:60,(anonymous_12)
FN:62,(anonymous_13)
FN:63,(anonymous_14)
FN:65,(anonymous_15)
FN:66,(anonymous_16)
FNF:17
FNH:1
FNDA:0,(anonymous_0)
FNDA:0,(anonymous_1)
FNDA:0,(anonymous_2)
FNDA:0,(anonymous_3)
FNDA:0,(anonymous_4)
FNDA:0,(anonymous_5)
FNDA:0,(anonymous_6)
FNDA:0,(anonymous_7)
FNDA:1,(anonymous_8)
FNDA:0,(anonymous_9)
FNDA:0,(anonymous_10)
FNDA:0,(anonymous_11)
FNDA:0,(anonymous_12)
FNDA:0,(anonymous_13)
FNDA:0,(anonymous_14)
FNDA:0,(anonymous_15)
FNDA:0,(anonymous_16)
DA:3,1
DA:36,1
DA:39,0
DA:42,0
DA:47,0
DA:52,0
DA:56,1
DA:57,0
DA:58,0
DA:60,0
DA:63,0
DA:66,0
LF:12
LH:3
BRF:0
BRH:0
end_of_record
